#
# There is insufficient memory for the Java Runtime Environment to continue.
# Native memory allocation (malloc) failed to allocate 56176 bytes for Chunk::new
# Possible reasons:
#   The system is out of physical RAM or swap space
#   In 32 bit mode, the process size limit was hit
# Possible solutions:
#   Reduce memory load on the system
#   Increase physical memory or swap space
#   Check if swap backing store is full
#   Use 64 bit Java on a 64 bit OS
#   Decrease Java heap size (-Xmx/-Xms)
#   Decrease number of Java threads
#   Decrease Java thread stack sizes (-Xss)
#   Set larger code cache with -XX:ReservedCodeCacheSize=
# This output file may be truncated or incomplete.
#
#  Out of Memory Error (allocation.cpp:390), pid=13684, tid=0x0000000000003508
#
# JRE version: Java(TM) SE Runtime Environment (8.0_112-b15) (build 1.8.0_112-b15)
# Java VM: Java HotSpot(TM) 64-Bit Server VM (25.112-b15 mixed mode windows-amd64 compressed oops)
# Failed to write core dump. Minidumps are not enabled by default on client versions of Windows
#

---------------  T H R E A D  ---------------

Current thread (0x0000000056501000):  JavaThread "C2 CompilerThread1" daemon [_thread_in_native, id=13576, stack(0x0000000056910000,0x0000000056a10000)]

Stack: [0x0000000056910000,0x0000000056a10000]
[error occurred during error reporting (printing stack bounds), id 0xc0000005]

Native frames: (J=compiled Java code, j=interpreted, Vv=VM code, C=native code)


Current CompileTask:
C2:   1054  447   !   4       sun.awt.AppContext::get (123 bytes)


---------------  P R O C E S S  ---------------

Java Threads: ( => current thread )
  0x0000000056f6f800 JavaThread "TimerQueue" daemon [_thread_blocked, id=14068, stack(0x0000000058c60000,0x0000000058d60000)]
  0x0000000001e1e000 JavaThread "DestroyJavaVM" [_thread_blocked, id=14860, stack(0x0000000002150000,0x0000000002250000)]
  0x0000000056e41800 JavaThread "AWT-EventQueue-0" [_thread_blocked, id=14908, stack(0x0000000057c20000,0x0000000057d20000)]
  0x0000000056e33800 JavaThread "AWT-Windows" daemon [_thread_in_native, id=14904, stack(0x0000000057960000,0x0000000057a60000)]
  0x0000000056e32800 JavaThread "AWT-Shutdown" [_thread_blocked, id=14612, stack(0x0000000056ba0000,0x0000000056ca0000)]
  0x0000000056e30000 JavaThread "Java2D Disposer" daemon [_thread_blocked, id=14616, stack(0x0000000057710000,0x0000000057810000)]
  0x0000000056576000 JavaThread "Service Thread" daemon [_thread_blocked, id=14896, stack(0x00000000562b0000,0x00000000563b0000)]
  0x0000000056502800 JavaThread "C1 CompilerThread2" daemon [_thread_blocked, id=14892, stack(0x0000000056aa0000,0x0000000056ba0000)]
=>0x0000000056501000 JavaThread "C2 CompilerThread1" daemon [_thread_in_native, id=13576, stack(0x0000000056910000,0x0000000056a10000)]
  0x0000000054d29800 JavaThread "C2 CompilerThread0" daemon [_thread_blocked, id=14888, stack(0x0000000055f40000,0x0000000056040000)]
  0x0000000054d27000 JavaThread "Attach Listener" daemon [_thread_blocked, id=13184, stack(0x0000000056400000,0x0000000056500000)]
  0x0000000054d24000 JavaThread "Signal Dispatcher" daemon [_thread_blocked, id=1564, stack(0x0000000056160000,0x0000000056260000)]
  0x0000000054d0c800 JavaThread "Finalizer" daemon [_thread_blocked, id=14884, stack(0x0000000056040000,0x0000000056140000)]
  0x0000000054cc5800 JavaThread "Reference Handler" daemon [_thread_blocked, id=13668, stack(0x0000000055cc0000,0x0000000055dc0000)]

Other Threads:
  0x0000000054cbe000 VMThread [stack: 0x0000000055e00000,0x0000000055f00000] [id=14880]
  0x000000005657d800 WatcherThread [stack: 0x0000000056d20000,0x0000000056e20000] [id=14900]

VM state:not at safepoint (normal execution)

VM Mutex/Monitor currently owned by a thread: None

Heap:
 PSYoungGen      total 18944K, used 3218K [0x00000000eaf80000, 0x00000000ec480000, 0x0000000100000000)
  eden space 16384K, 19% used [0x00000000eaf80000,0x00000000eb2a48c0,0x00000000ebf80000)
  from space 2560K, 0% used [0x00000000ebf80000,0x00000000ebf80000,0x00000000ec200000)
  to   space 2560K, 0% used [0x00000000ec200000,0x00000000ec200000,0x00000000ec480000)
 ParOldGen       total 24064K, used 914K [0x00000000c0e00000, 0x00000000c2580000, 0x00000000eaf80000)
  object space 24064K, 3% used [0x00000000c0e00000,0x00000000c0ee48d8,0x00000000c2580000)
 Metaspace       used 10649K, capacity 10920K, committed 11136K, reserved 1062912K
  class space    used 1453K, capacity 1544K, committed 1664K, reserved 1048576K

Card table byte_map: [0x00000000118e0000,0x0000000011ae0000] byte_map_base: 0x00000000112d9000

Marking Bits: (ParMarkBitMap*) 0x000000006737a6d0
 Begin Bits: [0x00000000121a0000, 0x0000000013168000)
 End Bits:   [0x0000000013168000, 0x0000000014130000)

Polling page: 0x0000000000210000

CodeCache: size=245760Kb used=2005Kb max_used=2005Kb free=243754Kb
 bounds [0x0000000002520000, 0x0000000002790000, 0x0000000011520000]
 total_blobs=929 nmethods=464 adapters=378
 compilation: enabled

Compilation events (10 events):
Event: 0.674 Thread 0x0000000056502800  460       3       java.awt.geom.Dimension2D::<init> (5 bytes)
Event: 0.675 Thread 0x0000000056502800 nmethod 460 0x0000000002713c90 code [0x0000000002713de0, 0x0000000002713f90]
Event: 0.675 Thread 0x0000000056502800  461       1       javax.swing.text.View::getParent (5 bytes)
Event: 0.675 Thread 0x0000000056502800 nmethod 461 0x0000000002714050 code [0x00000000027141a0, 0x00000000027142b0]
Event: 0.677 Thread 0x0000000056502800  462       3       javax.swing.JComponent::getWidth (5 bytes)
Event: 0.677 Thread 0x0000000056502800 nmethod 462 0x0000000002714310 code [0x0000000002714460, 0x00000000027145d0]
Event: 0.678 Thread 0x0000000056502800  463       3       java.security.AccessController::getContext (23 bytes)
Event: 0.678 Thread 0x0000000056502800 nmethod 463 0x00000000027149d0 code [0x0000000002714b60, 0x0000000002714ed8]
Event: 0.683 Thread 0x0000000056502800  466       3       javax.swing.JComponent::getHeight (5 bytes)
Event: 0.683 Thread 0x0000000056502800 nmethod 466 0x0000000002715610 code [0x0000000002715760, 0x00000000027158d0]

GC Heap History (4 events):
Event: 0.347 GC heap before
{Heap before GC invocations=1 (full 0):
 PSYoungGen      total 18944K, used 3935K [0x00000000eaf80000, 0x00000000ec480000, 0x0000000100000000)
  eden space 16384K, 24% used [0x00000000eaf80000,0x00000000eb357fc8,0x00000000ebf80000)
  from space 2560K, 0% used [0x00000000ec200000,0x00000000ec200000,0x00000000ec480000)
  to   space 2560K, 0% used [0x00000000ebf80000,0x00000000ebf80000,0x00000000ec200000)
 ParOldGen       total 44032K, used 0K [0x00000000c0e00000, 0x00000000c3900000, 0x00000000eaf80000)
  object space 44032K, 0% used [0x00000000c0e00000,0x00000000c0e00000,0x00000000c3900000)
 Metaspace       used 6377K, capacity 6490K, committed 6528K, reserved 1060864K
  class space    used 785K, capacity 864K, committed 896K, reserved 1048576K
Event: 0.365 GC heap after
Heap after GC invocations=1 (full 0):
 PSYoungGen      total 18944K, used 1056K [0x00000000eaf80000, 0x00000000ec480000, 0x0000000100000000)
  eden space 16384K, 0% used [0x00000000eaf80000,0x00000000eaf80000,0x00000000ebf80000)
  from space 2560K, 41% used [0x00000000ebf80000,0x00000000ec088000,0x00000000ec200000)
  to   space 2560K, 0% used [0x00000000ec200000,0x00000000ec200000,0x00000000ec480000)
 ParOldGen       total 44032K, used 8K [0x00000000c0e00000, 0x00000000c3900000, 0x00000000eaf80000)
  object space 44032K, 0% used [0x00000000c0e00000,0x00000000c0e02000,0x00000000c3900000)
 Metaspace       used 6377K, capacity 6490K, committed 6528K, reserved 1060864K
  class space    used 785K, capacity 864K, committed 896K, reserved 1048576K
}
Event: 0.365 GC heap before
{Heap before GC invocations=2 (full 1):
 PSYoungGen      total 18944K, used 1056K [0x00000000eaf80000, 0x00000000ec480000, 0x0000000100000000)
  eden space 16384K, 0% used [0x00000000eaf80000,0x00000000eaf80000,0x00000000ebf80000)
  from space 2560K, 41% used [0x00000000ebf80000,0x00000000ec088000,0x00000000ec200000)
  to   space 2560K, 0% used [0x00000000ec200000,0x00000000ec200000,0x00000000ec480000)
 ParOldGen       total 44032K, used 8K [0x00000000c0e00000, 0x00000000c3900000, 0x00000000eaf80000)
  object space 44032K, 0% used [0x00000000c0e00000,0x00000000c0e02000,0x00000000c3900000)
 Metaspace       used 6377K, capacity 6490K, committed 6528K, reserved 1060864K
  class space    used 785K, capacity 864K, committed 896K, reserved 1048576K
Event: 0.377 GC heap after
Heap after GC invocations=2 (full 1):
 PSYoungGen      total 18944K, used 0K [0x00000000eaf80000, 0x00000000ec480000, 0x0000000100000000)
  eden space 16384K, 0% used [0x00000000eaf80000,0x00000000eaf80000,0x00000000ebf80000)
  from space 2560K, 0% used [0x00000000ebf80000,0x00000000ebf80000,0x00000000ec200000)
  to   space 2560K, 0% used [0x00000000ec200000,0x00000000ec200000,0x00000000ec480000)
 ParOldGen       total 24064K, used 914K [0x00000000c0e00000, 0x00000000c2580000, 0x00000000eaf80000)
  object space 24064K, 3% used [0x00000000c0e00000,0x00000000c0ee48d8,0x00000000c2580000)
 Metaspace       used 6377K, capacity 6490K, committed 6528K, reserved 1058816K
  class space    used 785K, capacity 864K, committed 896K, reserved 1048576K
}

Deoptimization events (1 events):
Event: 0.315 Thread 0x0000000056e41800 Uncommon trap: reason=null_check action=make_not_entrant pc=0x000000000267a90c method=java.lang.String.equals(Ljava/lang/Object;)Z @ 8

Internal exceptions (10 events):
Event: 0.033 Thread 0x0000000001e1e000 Exception <a 'java/lang/NoSuchMethodError': Method sun.misc.Unsafe.prefetchRead(Ljava/lang/Object;J)V name or signature does not match> (0x00000000eaf87f60) thrown at [C:\re\workspace\8-2-build-windows-amd64-cygwin\jdk8u112\7884\hotspot\src\share\vm\prims
Event: 0.098 Thread 0x0000000001e1e000 Exception <a 'java/security/PrivilegedActionException'> (0x00000000eb00b038) thrown at [C:\re\workspace\8-2-build-windows-amd64-cygwin\jdk8u112\7884\hotspot\src\share\vm\prims\jvm.cpp, line 1390]
Event: 0.098 Thread 0x0000000001e1e000 Exception <a 'java/security/PrivilegedActionException'> (0x00000000eb00b248) thrown at [C:\re\workspace\8-2-build-windows-amd64-cygwin\jdk8u112\7884\hotspot\src\share\vm\prims\jvm.cpp, line 1390]
Event: 0.099 Thread 0x0000000001e1e000 Exception <a 'java/security/PrivilegedActionException'> (0x00000000eb00ee90) thrown at [C:\re\workspace\8-2-build-windows-amd64-cygwin\jdk8u112\7884\hotspot\src\share\vm\prims\jvm.cpp, line 1390]
Event: 0.099 Thread 0x0000000001e1e000 Exception <a 'java/security/PrivilegedActionException'> (0x00000000eb00f0a0) thrown at [C:\re\workspace\8-2-build-windows-amd64-cygwin\jdk8u112\7884\hotspot\src\share\vm\prims\jvm.cpp, line 1390]
Event: 0.102 Thread 0x0000000001e1e000 Exception <a 'java/io/FileNotFoundException'> (0x00000000eb011660) thrown at [C:\re\workspace\8-2-build-windows-amd64-cygwin\jdk8u112\7884\hotspot\src\share\vm\prims\jni.cpp, line 709]
Event: 0.137 Thread 0x0000000001e1e000 Exception <a 'java/lang/NoSuchFieldError': method resolution failed> (0x00000000eb131b10) thrown at [C:\re\workspace\8-2-build-windows-amd64-cygwin\jdk8u112\7884\hotspot\src\share\vm\prims\methodHandles.cpp, line 1146]
Event: 0.165 Thread 0x0000000001e1e000 Exception <a 'java/lang/NoSuchFieldError': method resolution failed> (0x00000000eb13eee0) thrown at [C:\re\workspace\8-2-build-windows-amd64-cygwin\jdk8u112\7884\hotspot\src\share\vm\prims\methodHandles.cpp, line 1146]
Event: 0.281 Thread 0x0000000056e41800 Exception <a 'java/io/FileNotFoundException'> (0x00000000eb26e990) thrown at [C:\re\workspace\8-2-build-windows-amd64-cygwin\jdk8u112\7884\hotspot\src\share\vm\prims\jni.cpp, line 709]
Event: 0.315 Thread 0x0000000056e41800 Implicit null exception at 0x000000000267a74b to 0x000000000267a8fd

Events (10 events):
Event: 0.682 loading class java/util/concurrent/TimeUnit$3
Event: 0.682 loading class java/util/concurrent/TimeUnit$3 done
Event: 0.682 loading class java/util/concurrent/TimeUnit$4
Event: 0.682 loading class java/util/concurrent/TimeUnit$4 done
Event: 0.682 loading class java/util/concurrent/TimeUnit$5
Event: 0.682 loading class java/util/concurrent/TimeUnit$5 done
Event: 0.682 loading class java/util/concurrent/TimeUnit$6
Event: 0.682 loading class java/util/concurrent/TimeUnit$6 done
Event: 0.682 loading class java/util/concurrent/TimeUnit$7
Event: 0.682 loading class java/util/concurrent/TimeUnit$7 done


Dynamic libraries:
0x000000013f9e0000 - 0x000000013fa17000 	C:\Program Files\Java\jre1.8.0_112\bin\javaw.exe
0x0000000077930000 - 0x0000000077ada000 	C:\Windows\SYSTEM32\ntdll.dll
0x0000000077810000 - 0x000000007792f000 	C:\Windows\system32\kernel32.dll
0x000007fefd9b0000 - 0x000007fefda1a000 	C:\Windows\system32\KERNELBASE.dll
0x000007fefe940000 - 0x000007fefea1b000 	C:\Windows\system32\ADVAPI32.dll
0x000007fefe690000 - 0x000007fefe72f000 	C:\Windows\system32\msvcrt.dll
0x000007fefddd0000 - 0x000007fefddef000 	C:\Windows\SYSTEM32\sechost.dll
0x000007fefe500000 - 0x000007fefe62d000 	C:\Windows\system32\RPCRT4.dll
0x0000000077710000 - 0x000000007780a000 	C:\Windows\system32\USER32.dll
0x000007feffbd0000 - 0x000007feffc37000 	C:\Windows\system32\GDI32.dll
0x000007fefeac0000 - 0x000007fefeace000 	C:\Windows\system32\LPK.dll
0x000007fefdb00000 - 0x000007fefdbca000 	C:\Windows\system32\USP10.dll
0x000007fefbe10000 - 0x000007fefc004000 	C:\Windows\WinSxS\amd64_microsoft.windows.common-controls_6595b64144ccf1df_6.0.7601.18837_none_fa3b1e3d17594757\COMCTL32.dll
0x000007fefdc70000 - 0x000007fefdce1000 	C:\Windows\system32\SHLWAPI.dll
0x000007fefdcf0000 - 0x000007fefdd1e000 	C:\Windows\system32\IMM32.DLL
0x000007fefe0d0000 - 0x000007fefe1d9000 	C:\Windows\system32\MSCTF.dll
0x000007fefd5a0000 - 0x000007fefd5d0000 	C:\Windows\system32\nvinitx.dll
0x000007fefd590000 - 0x000007fefd59c000 	C:\Windows\system32\VERSION.dll
0x0000000075280000 - 0x0000000075286000 	C:\Program Files\NVIDIA Corporation\CoProcManager\detoured.dll
0x000007fefbda0000 - 0x000007fefbdd8000 	C:\Program Files\NVIDIA Corporation\CoProcManager\nvd3d9wrapx.dll
0x000007feff860000 - 0x000007feffa37000 	C:\Windows\system32\SETUPAPI.dll
0x000007fefd870000 - 0x000007fefd8a6000 	C:\Windows\system32\CFGMGR32.dll
0x000007fefda20000 - 0x000007fefdafa000 	C:\Windows\system32\OLEAUT32.dll
0x000007fefe730000 - 0x000007fefe933000 	C:\Windows\system32\ole32.dll
0x000007fefd990000 - 0x000007fefd9aa000 	C:\Windows\system32\DEVOBJ.dll
0x000007fefbd70000 - 0x000007fefbd94000 	C:\Program Files\NVIDIA Corporation\CoProcManager\nvdxgiwrapx.dll
0x0000000068530000 - 0x0000000068602000 	C:\Program Files\Java\jre1.8.0_112\bin\msvcr100.dll
0x0000000066b60000 - 0x00000000673fa000 	C:\Program Files\Java\jre1.8.0_112\bin\server\jvm.dll
0x000007fef0000000 - 0x000007fef0009000 	C:\Windows\system32\WSOCK32.dll
0x000007fefe1e0000 - 0x000007fefe22d000 	C:\Windows\system32\WS2_32.dll
0x000007fefdd40000 - 0x000007fefdd48000 	C:\Windows\system32\NSI.dll
0x000007fefada0000 - 0x000007fefaddb000 	C:\Windows\system32\WINMM.dll
0x0000000077b00000 - 0x0000000077b07000 	C:\Windows\system32\PSAPI.DLL
0x0000000068dc0000 - 0x0000000068dcf000 	C:\Program Files\Java\jre1.8.0_112\bin\verify.dll
0x0000000068a20000 - 0x0000000068a49000 	C:\Program Files\Java\jre1.8.0_112\bin\java.dll
0x0000000068a00000 - 0x0000000068a16000 	C:\Program Files\Java\jre1.8.0_112\bin\zip.dll
0x000007fefead0000 - 0x000007feff85a000 	C:\Windows\system32\SHELL32.dll
0x000007fefd660000 - 0x000007fefd66f000 	C:\Windows\system32\profapi.dll
0x00000000676e0000 - 0x0000000067878000 	C:\Program Files\Java\jre1.8.0_112\bin\awt.dll
0x000007fefb420000 - 0x000007fefb476000 	C:\Windows\system32\uxtheme.dll
0x000007fefb9b0000 - 0x000007fefb9c8000 	C:\Windows\system32\dwmapi.dll
0x000007fefd4c0000 - 0x000007fefd4cf000 	C:\Windows\system32\CRYPTBASE.dll
0x000007fee8260000 - 0x000007fee837d000 	C:\Windows\system32\opengl32.dll
0x000007fee8480000 - 0x000007fee84ad000 	C:\Windows\system32\GLU32.dll
0x000007feed2a0000 - 0x000007feed391000 	C:\Windows\system32\DDRAW.dll
0x000007fef9840000 - 0x000007fef9848000 	C:\Windows\system32\DCIMAN32.dll
0x00000000684e0000 - 0x0000000068527000 	C:\Program Files\Java\jre1.8.0_112\bin\fontmanager.dll
0x000007fefea20000 - 0x000007fefeab9000 	C:\Windows\system32\CLBCatQ.DLL
0x000007fefa7b0000 - 0x000007fefa911000 	C:\Windows\system32\WindowsCodecs.dll
0x000007fefd460000 - 0x000007fefd4b7000 	C:\Windows\system32\apphelp.dll
0x000007fef3200000 - 0x000007fef3256000 	C:\Users\Nikhil Shinde\AppData\Local\Microsoft\OneDrive\17.3.4604.0120\amd64\FileSyncShell64.dll
0x000007fef2dd0000 - 0x000007fef2e77000 	C:\Users\Nikhil Shinde\AppData\Local\Microsoft\OneDrive\17.3.4604.0120\amd64\MSVCP110.dll
0x000007fef2d00000 - 0x000007fef2dce000 	C:\Users\Nikhil Shinde\AppData\Local\Microsoft\OneDrive\17.3.4604.0120\amd64\MSVCR110.dll
0x000007fefddf0000 - 0x000007fefe0c2000 	C:\Windows\system32\WININET.dll
0x000007fefd860000 - 0x000007fefd864000 	C:\Windows\system32\api-ms-win-downlevel-user32-l1-1-0.dll
0x000007fefd680000 - 0x000007fefd684000 	C:\Windows\system32\api-ms-win-downlevel-shlwapi-l1-1-0.dll
0x000007fefd8d0000 - 0x000007fefd8d4000 	C:\Windows\system32\api-ms-win-downlevel-version-l1-1-0.dll
0x000007fefd810000 - 0x000007fefd813000 	C:\Windows\system32\api-ms-win-downlevel-normaliz-l1-1-0.dll
0x0000000077af0000 - 0x0000000077af3000 	C:\Windows\system32\normaliz.DLL
0x000007fefe230000 - 0x000007fefe4fa000 	C:\Windows\system32\iertutil.dll
0x000007fefd800000 - 0x000007fefd805000 	C:\Windows\system32\api-ms-win-downlevel-advapi32-l1-1-0.dll
0x000007fefd8b0000 - 0x000007fefd8ce000 	C:\Windows\system32\USERENV.dll
0x000007fef2ae0000 - 0x000007fef2cf4000 	C:\Program Files (x86)\Microsoft Office\root\VFS\ProgramFilesX64\Microsoft Office\Office16\GROOVEEX.DLL
0x000007fef2ac0000 - 0x000007fef2ad7000 	C:\Program Files (x86)\Microsoft Office\root\VFS\ProgramFilesX64\Microsoft Office\Office16\VCRUNTIME140.dll
0x000007fef2ab0000 - 0x000007fef2ab4000 	C:\Program Files (x86)\Microsoft Office\root\VFS\ProgramFilesX64\Microsoft Office\Office16\api-ms-win-crt-runtime-l1-1-0.dll
0x000007fef29b0000 - 0x000007fef2aa4000 	C:\Windows\system32\ucrtbase.DLL
0x000007fef29a0000 - 0x000007fef29a3000 	C:\Windows\system32\api-ms-win-core-timezone-l1-1-0.dll
0x000007fef2990000 - 0x000007fef2993000 	C:\Windows\system32\api-ms-win-core-file-l2-1-0.dll
0x000007fef2980000 - 0x000007fef2983000 	C:\Windows\system32\api-ms-win-core-localization-l1-2-0.dll
0x000007fef9960000 - 0x000007fef9963000 	C:\Windows\system32\api-ms-win-core-synch-l1-2-0.dll
0x000007fef2970000 - 0x000007fef2973000 	C:\Windows\system32\api-ms-win-core-processthreads-l1-1-1.dll
0x000007fef2960000 - 0x000007fef2963000 	C:\Windows\system32\api-ms-win-core-file-l1-2-0.dll
0x000007fef2950000 - 0x000007fef2954000 	C:\Program Files (x86)\Microsoft Office\root\VFS\ProgramFilesX64\Microsoft Office\Office16\api-ms-win-crt-string-l1-1-0.dll
0x000007fef2940000 - 0x000007fef2943000 	C:\Program Files (x86)\Microsoft Office\root\VFS\ProgramFilesX64\Microsoft Office\Office16\api-ms-win-crt-heap-l1-1-0.dll
0x000007fef2930000 - 0x000007fef2934000 	C:\Program Files (x86)\Microsoft Office\root\VFS\ProgramFilesX64\Microsoft Office\Office16\api-ms-win-crt-stdio-l1-1-0.dll
0x000007fef2920000 - 0x000007fef2924000 	C:\Program Files (x86)\Microsoft Office\root\VFS\ProgramFilesX64\Microsoft Office\Office16\api-ms-win-crt-convert-l1-1-0.dll
0x000007fef2880000 - 0x000007fef291e000 	C:\Program Files (x86)\Microsoft Office\root\VFS\ProgramFilesX64\Microsoft Office\Office16\MSVCP140.dll
0x000007fef2870000 - 0x000007fef2873000 	C:\Program Files (x86)\Microsoft Office\root\VFS\ProgramFilesX64\Microsoft Office\Office16\api-ms-win-crt-locale-l1-1-0.dll
0x000007fef2860000 - 0x000007fef2865000 	C:\Program Files (x86)\Microsoft Office\root\VFS\ProgramFilesX64\Microsoft Office\Office16\api-ms-win-crt-math-l1-1-0.dll
0x000007fef2850000 - 0x000007fef2855000 	C:\Program Files (x86)\Microsoft Office\root\VFS\ProgramFilesX64\Microsoft Office\Office16\api-ms-win-crt-multibyte-l1-1-0.dll
0x000007fef2840000 - 0x000007fef2843000 	C:\Program Files (x86)\Microsoft Office\root\VFS\ProgramFilesX64\Microsoft Office\Office16\api-ms-win-crt-time-l1-1-0.dll
0x000007fef2830000 - 0x000007fef2833000 	C:\Program Files (x86)\Microsoft Office\root\VFS\ProgramFilesX64\Microsoft Office\Office16\api-ms-win-crt-filesystem-l1-1-0.dll
0x000007fef2820000 - 0x000007fef2823000 	C:\Program Files (x86)\Microsoft Office\root\VFS\ProgramFilesX64\Microsoft Office\Office16\api-ms-win-crt-environment-l1-1-0.dll
0x000007fef26b0000 - 0x000007fef26b3000 	C:\Program Files (x86)\Microsoft Office\root\VFS\ProgramFilesX64\Microsoft Office\Office16\api-ms-win-crt-utility-l1-1-0.dll
0x000007fef6990000 - 0x000007fef6cae000 	C:\Windows\system32\msi.dll
0x000007fef1c70000 - 0x000007fef24ee000 	C:\Program Files (x86)\Microsoft Office\root\VFS\ProgramFilesX64\Microsoft Office\Office16\1033\GrooveIntlResource.dll
0x000007fef1c30000 - 0x000007fef1c65000 	C:\Windows\system32\EhStorShell.dll
0x000007fefb480000 - 0x000007fefb5ac000 	C:\Windows\system32\PROPSYS.dll
0x000007fef1bb0000 - 0x000007fef1c2e000 	C:\Windows\System32\cscui.dll
0x000007fef1ba0000 - 0x000007fef1bac000 	C:\Windows\System32\CSCDLL.dll
0x000007fef3260000 - 0x000007fef326f000 	C:\Windows\system32\CSCAPI.dll
0x000007fef1b20000 - 0x000007fef1ba0000 	C:\Windows\system32\ntshrui.dll
0x000007fefd100000 - 0x000007fefd123000 	C:\Windows\system32\srvcli.dll
0x000007fef9370000 - 0x000007fef937b000 	C:\Windows\system32\slc.dll
0x00000000689e0000 - 0x00000000689fa000 	C:\Program Files\Java\jre1.8.0_112\bin\net.dll
0x000007fefcdc0000 - 0x000007fefce15000 	C:\Windows\system32\mswsock.dll
0x000007fefcdb0000 - 0x000007fefcdb7000 	C:\Windows\System32\wship6.dll
0x00000000689c0000 - 0x00000000689d1000 	C:\Program Files\Java\jre1.8.0_112\bin\nio.dll
0x0000000067690000 - 0x00000000676d2000 	C:\Program Files\Java\jre1.8.0_112\bin\t2k.dll

VM Arguments:
jvm_args: -Dfile.encoding=Cp1252 
java_command: main.guiFrame
java_class_path (initial): C:\Users\Nikhil Shinde\workspace-java\BarcodeGenerator\bin;C:\Users\Nikhil Shinde\workspace-java\BarcodeGenerator\extlib\barcode.jar;C:\Users\Nikhil Shinde\workspace-java\BarcodeGenerator\extlib\barbecue-1.5-beta1.jar
Launcher Type: SUN_STANDARD

Environment Variables:
PATH=C:/Program Files/Java/jre1.8.0_112/bin/server;C:/Program Files/Java/jre1.8.0_112/bin;C:/Program Files/Java/jre1.8.0_112/lib/amd64;C:\ProgramData\Oracle\Java\javapath;C:\Windows\system32;C:\Windows;C:\Windows\System32\Wbem;C:\Windows\System32\WindowsPowerShell\v1.0\;C:\Program Files\Java\jdk1.8.0_112\bin;C:\Program Files (x86)\NVIDIA Corporation\PhysX\Common;C:\Windows\system32\config\systemprofile\.dnx\bin;C:\Program Files\Microsoft DNX\Dnvm\;C:\Program Files\Microsoft SQL Server\130\Tools\Binn\;C:\Program Files (x86)\scala\bin;C:\Program Files\MiKTeX 2.9\miktex\bin\x64\;C:\Program Files (x86)\nodejs\;C:\Users\Nikhil Shinde\Anaconda3;C:\Users\Nikhil Shinde\Anaconda3\Scripts;C:\Users\Nikhil Shinde\Anaconda3\Library\bin;C:\Users\Nikhil Shinde\AppData\Local\Programs\Python\Python36-32\Scripts\;C:\Users\Nikhil Shinde\AppData\Local\Programs\Python\Python36-32\;C:\Program Files (x86)\Microsoft VS Code\bin;C:\Users\Nikhil Shinde\AppData\Local\atom\bin;C:\Users\Nikhil Shinde\AppData\Roaming\npm;C:\Program Files (x86)\eclipse;
USERNAME=Nikhil Shinde
OS=Windows_NT
PROCESSOR_IDENTIFIER=Intel64 Family 6 Model 69 Stepping 1, GenuineIntel



---------------  S Y S T E M  ---------------

OS: Windows 7 , 64 bit Build 7601 (6.1.7601.23572)

CPU:total 4 (2 cores per cpu, 2 threads per core) family 6 model 69 stepping 1, cmov, cx8, fxsr, mmx, sse, sse2, sse3, ssse3, sse4.1, sse4.2, popcnt, avx, avx2, aes, clmul, erms, lzcnt, ht, tsc, tscinvbit, bmi1, bmi2

Memory: 4k page, physical 4129072k(165024k free), swap 16514428k(3976k free)

vm_info: Java HotSpot(TM) 64-Bit Server VM (25.112-b15) for windows-amd64 JRE (1.8.0_112-b15), built on Sep 22 2016 21:31:56 by "java_re" with MS VC++ 10.0 (VS2010)

time: Mon Jan 16 18:13:24 2017
elapsed time: 1 seconds (0d 0h 0m 1s)

